<?xml version="1.0" encoding="UTF-8"?>
<!-- Generated by org.testng.reporters.JUnitReportReporter -->
<testsuite hostname="User-PC" failures="0" tests="1" name="api_document.Post_Login" time="4.794" errors="0" timestamp="19 Jul 2022 23:00:49 GMT" skipped="0">
  <testcase classname="api_document.Post_Login" name="Post_Login" time="4.794"/>
</testsuite> <!-- api_document.Post_Login -->
